<?xml version="1.0" encoding="UTF-8"?>
<!-- Generated by org.testng.reporters.JUnitXMLReporter -->
<testsuite ignored="0" hostname="DESKTOP-C4941E1" failures="0" tests="2" name="Test" time="201.331" errors="0" timestamp="2024-01-11T10:58:06 IST">
  <testcase classname="Home_page.CreditCard_to_VirtualCard" name="CreditCard_VirtualCard_Processing" time="102.416"/>
  <testcase classname="Home_page.CreditCard_to_VirtualCard" name="CreditCard_VirtualCard_Save" time="82.541"/>
</testsuite> <!-- Test -->
