<?xml version="1.0" encoding="UTF-8"?>
<testng-results ignored="0" total="2" passed="2" failed="0" skipped="0">
  <reporter-output>
  </reporter-output>
  <suite started-at="2024-08-04T15:51:41 IST" name=" TEST Run" finished-at="2024-08-04T15:54:56 IST" duration-ms="195051">
    <groups>
    </groups>
    <test started-at="2024-08-04T15:51:41 IST" name="Test" finished-at="2024-08-04T15:54:56 IST" duration-ms="195051">
      <class name="Home_page.Bank_ACH">
        <test-method is-config="true" signature="setup(java.lang.String)[pri:0, instance:Home_page.Bank_ACH@63a5e46c]" started-at="2024-08-04T15:51:41 IST" name="setup" finished-at="2024-08-04T15:52:08 IST" duration-ms="27083" status="PASS">
          <params>
            <param index="0">
              <value>
                <![CDATA[https://staging.web.ocw.sebipay.com/manage/home]]>
              </value>
            </param>
          </params>
          <reporter-output>
          </reporter-output>
        </test-method> <!-- setup -->
        <test-method signature="Bank_ACH_Processing(java.lang.String,java.lang.String,java.lang.String,java.lang.String,java.lang.String)[pri:0, instance:Home_page.Bank_ACH@63a5e46c]" started-at="2024-08-04T15:52:08 IST" name="Bank_ACH_Processing" finished-at="2024-08-04T15:53:37 IST" duration-ms="88563" status="PASS">
          <params>
            <param index="0">
              <value>
                <![CDATA[40]]>
              </value>
            </param>
            <param index="1">
              <value>
                <![CDATA[T]]>
              </value>
            </param>
            <param index="2">
              <value>
                <![CDATA[y]]>
              </value>
            </param>
            <param index="3">
              <value>
                <![CDATA[l]]>
              </value>
            </param>
            <param index="4">
              <value>
                <![CDATA[https://staging.web.ocw.sebipay.com/manage/home]]>
              </value>
            </param>
          </params>
          <reporter-output>
          </reporter-output>
        </test-method> <!-- Bank_ACH_Processing -->
        <test-method signature="Bank_ACH_Save(java.lang.String,java.lang.String,java.lang.String,java.lang.String,java.lang.String)[pri:0, instance:Home_page.Bank_ACH@63a5e46c]" started-at="2024-08-04T15:53:37 IST" name="Bank_ACH_Save" finished-at="2024-08-04T15:54:55 IST" duration-ms="78788" status="PASS">
          <params>
            <param index="0">
              <value>
                <![CDATA[40]]>
              </value>
            </param>
            <param index="1">
              <value>
                <![CDATA[T]]>
              </value>
            </param>
            <param index="2">
              <value>
                <![CDATA[y]]>
              </value>
            </param>
            <param index="3">
              <value>
                <![CDATA[l]]>
              </value>
            </param>
            <param index="4">
              <value>
                <![CDATA[https://staging.web.ocw.sebipay.com/manage/home]]>
              </value>
            </param>
          </params>
          <reporter-output>
          </reporter-output>
        </test-method> <!-- Bank_ACH_Save -->
        <test-method is-config="true" signature="tearDown()[pri:0, instance:Home_page.Bank_ACH@63a5e46c]" started-at="2024-08-04T15:54:55 IST" name="tearDown" finished-at="2024-08-04T15:54:56 IST" duration-ms="539" status="PASS">
          <reporter-output>
          </reporter-output>
        </test-method> <!-- tearDown -->
      </class> <!-- Home_page.Bank_ACH -->
    </test> <!-- Test -->
  </suite> <!--  TEST Run -->
</testng-results>
