<?xml version="1.0" encoding="UTF-8"?>
<!-- Generated by org.testng.reporters.JUnitXMLReporter -->
<testsuite ignored="0" hostname="DESKTOP-C4941E1" failures="0" tests="4" name="Test" time="330.693" errors="0" timestamp="2024-02-26T12:40:23 IST">
  <testcase classname="Home_page.CloudBank_ACH" name="CloudBank__ACH" time="71.15"/>
  <testcase classname="Home_page.CloudBnak_Wire_Domestic" name="CloudBank__Wire_Domestic" time="70.877"/>
  <testcase classname="Home_page.CloudBank_Wire_International" name="CloudBank_Wire__International" time="83.321"/>
  <testcase classname="Home_page.CloudBank_InstantCloudTransfer" name="CloudBank_Instant_Transfer" time="29.909"/>
</testsuite> <!-- Test -->
